  Filenumbers.cpp
f:\program files (x86)\microsoft visual studio 14.0\vc\include\xutility(2919): error C2672: 'operator __surrogate_func': no matching overloaded function found
  f:\program files (x86)\microsoft visual studio 14.0\vc\include\xutility(2943): note: see reference to function template instantiation 'bool std::_Equal_unchecked1<_InIt1,_InIt2,_Pr>(_InIt1,_InIt1,_InIt2,_Pr &,std::false_type)' being compiled
          with
          [
              _InIt1=std::_List_unchecked_const_iterator<std::_List_val<std::_List_simple_types<Numberset>>,std::_Iterator_base0>,
              _InIt2=std::_List_const_iterator<std::_List_val<std::_List_simple_types<Numberset>>>,
              _Pr=std::equal_to<void>
          ]
  f:\program files (x86)\microsoft visual studio 14.0\vc\include\xutility(2952): note: see reference to function template instantiation 'bool std::_Equal_unchecked<_InIt1,_Iter,_Pr>(_InIt1,_InIt1,_InIt2,_Pr &)' being compiled
          with
          [
              _InIt1=std::_List_unchecked_const_iterator<std::_List_val<std::_List_simple_types<Numberset>>,std::_Iterator_base0>,
              _Iter=std::_List_const_iterator<std::_List_val<std::_List_simple_types<Numberset>>>,
              _Pr=std::equal_to<void>,
              _InIt2=std::_List_const_iterator<std::_List_val<std::_List_simple_types<Numberset>>>
          ]
  f:\program files (x86)\microsoft visual studio 14.0\vc\include\xutility(2974): note: see reference to function template instantiation 'bool std::_Equal_no_deprecate1<std::_List_unchecked_const_iterator<std::_List_val<std::_List_simple_types<Numberset>>,std::_Iterator_base0>,_InIt2,_Pr>(_InIt1,_InIt1,_InIt2,_Pr &,std::input_iterator_tag,std::input_iterator_tag)' being compiled
          with
          [
              _InIt2=std::_List_const_iterator<std::_List_val<std::_List_simple_types<Numberset>>>,
              _Pr=std::equal_to<void>,
              _InIt1=std::_List_unchecked_const_iterator<std::_List_val<std::_List_simple_types<Numberset>>,std::_Iterator_base0>
          ]
  f:\program files (x86)\microsoft visual studio 14.0\vc\include\xutility(2984): note: see reference to function template instantiation 'bool std::_Equal_no_deprecate<_InIt1,_InIt2,_Pr>(_InIt1,_InIt1,_InIt2,_Pr &)' being compiled
          with
          [
              _InIt1=std::_List_const_iterator<std::_List_val<std::_List_simple_types<Numberset>>>,
              _InIt2=std::_List_const_iterator<std::_List_val<std::_List_simple_types<Numberset>>>,
              _Pr=std::equal_to<void>
          ]
  f:\program files (x86)\microsoft visual studio 14.0\vc\include\xutility(3008): note: see reference to function template instantiation 'bool std::equal<_InIt1,_InIt2,std::equal_to<void>>(_InIt1,_InIt1,_InIt2,_Pr)' being compiled
          with
          [
              _InIt1=std::_List_const_iterator<std::_List_val<std::_List_simple_types<Numberset>>>,
              _InIt2=std::_List_const_iterator<std::_List_val<std::_List_simple_types<Numberset>>>,
              _Pr=std::equal_to<void>
          ]
  f:\program files (x86)\microsoft visual studio 14.0\vc\include\list(1949): note: see reference to function template instantiation 'bool std::equal<std::_List_const_iterator<std::_List_val<std::_List_simple_types<Numberset>>>,std::_List_const_iterator<std::_List_val<std::_List_simple_types<Numberset>>>>(_InIt1,_InIt1,_InIt2)' being compiled
          with
          [
              _InIt1=std::_List_const_iterator<std::_List_val<std::_List_simple_types<Numberset>>>,
              _InIt2=std::_List_const_iterator<std::_List_val<std::_List_simple_types<Numberset>>>
          ]
  c:\users\alex\gitrepos\lss\c\lss\lss\filenumbers.cpp(53): note: see reference to function template instantiation 'bool std::operator ==<Numberset,std::allocator<_Ty>>(const std::list<_Ty,std::allocator<_Ty>> &,const std::list<_Ty,std::allocator<_Ty>> &)' being compiled
          with
          [
              _Ty=Numberset
          ]
f:\program files (x86)\microsoft visual studio 14.0\vc\include\xutility(2919): error C2893: Failed to specialize function template 'unknown-type std::equal_to<void>::operator ()(_Ty1 &&,_Ty2 &&) const'
  f:\program files (x86)\microsoft visual studio 14.0\vc\include\xutility(2919): note: With the following template arguments:
  f:\program files (x86)\microsoft visual studio 14.0\vc\include\xutility(2919): note: '_Ty1=const Numberset &'
  f:\program files (x86)\microsoft visual studio 14.0\vc\include\xutility(2919): note: '_Ty2=const Numberset &'
